2025-08-13 17:32:01 [INFO] GestorEmpleados: Aplicación iniciando
2025-08-13 17:32:01 [DEBUG] GestorEmpleados: Creando/verificando tablas de base de datos...
2025-08-13 17:32:01 [DEBUG] data.schema: Iniciando creación/verificación de tablas 'users' y 'records'
2025-08-13 17:32:01 [ERROR] GestorEmpleados: Error al crear/verificar las tablas de la base de datos
Traceback (most recent call last):
  File "c:\workspace\proyectos\remote-work-planner\main.py", line 15, in <module>
    create_tables()
    ~~~~~~~~~~~~~^^
  File "c:\workspace\proyectos\remote-work-planner\data\schema.py", line 19, in create_tables
    cursor.execute("""
    ~~~~~~~~~~~~~~^^^^
        CREATE TABLE IF NOT EXISTS users (
        ^^^^^^^^^^^^^^^^^^^^^^^^^^^^^^^^^^
    ...<4 lines>...
        )
        ^
    """)
    ^^^^
sqlite3.OperationalError: no such column: name
2025-08-13 17:33:07 [INFO] GestorEmpleados: Aplicación iniciando
2025-08-13 17:33:07 [DEBUG] GestorEmpleados: Creando/verificando tablas de base de datos...
2025-08-13 17:33:07 [DEBUG] data.schema: Iniciando creación/verificación de tablas 'users' y 'records'
2025-08-13 17:33:07 [INFO] data.schema: Tablas 'users' y 'records' creadas/verificadas
2025-08-13 17:33:07 [INFO] GestorEmpleados: Tablas creadas/verificadas correctamente
2025-08-13 17:33:07 [DEBUG] GestorEmpleados: Abriendo conexión a la base de datos...
2025-08-13 17:33:07 [INFO] GestorEmpleados: ¡Conexión a la base de datos exitosa!
2025-08-13 17:33:07 [DEBUG] GestorEmpleados: Conexión a la base de datos cerrada
2025-08-13 17:37:17 [INFO] GestorEmpleados: Aplicación iniciando
2025-08-13 17:37:17 [DEBUG] GestorEmpleados: Creando/verificando tablas de base de datos...
2025-08-13 17:37:17 [DEBUG] data.schema: Iniciando creación/verificación de tablas 'users' y 'records'
2025-08-13 17:37:17 [INFO] data.schema: Tablas 'users' y 'records' creadas/verificadas
2025-08-13 17:37:17 [INFO] GestorEmpleados: Tablas creadas/verificadas correctamente
2025-08-13 17:37:17 [DEBUG] GestorEmpleados: Abriendo conexión a la base de datos...
2025-08-13 17:37:17 [INFO] GestorEmpleados: ¡Conexión a la base de datos exitosa!
2025-08-13 17:37:17 [DEBUG] GestorEmpleados: Conexión a la base de datos cerrada
2025-08-13 17:48:39 [INFO] GestorEmpleados: Aplicación iniciando
2025-08-13 17:48:39 [DEBUG] GestorEmpleados: Creando/verificando tablas de base de datos...
2025-08-13 17:48:39 [DEBUG] data.schema: Iniciando creación/verificación de tablas 'users' y 'records'
2025-08-13 17:48:39 [INFO] data.schema: Tablas 'users' y 'records' creadas/verificadas
2025-08-13 17:48:39 [INFO] GestorEmpleados: Tablas creadas/verificadas correctamente
2025-08-13 17:48:39 [DEBUG] GestorEmpleados: Abriendo conexión a la base de datos...
2025-08-13 17:48:39 [INFO] GestorEmpleados: ¡Conexión a la base de datos exitosa!
2025-08-13 17:48:39 [DEBUG] GestorEmpleados: Conexión a la base de datos cerrada
2025-08-13 17:49:24 [INFO] GestorEmpleados: Aplicación iniciando
2025-08-13 17:49:24 [DEBUG] GestorEmpleados: Creando/verificando tablas de base de datos...
2025-08-13 17:49:24 [DEBUG] data.schema: Iniciando creación/verificación de tablas 'users' y 'records'
2025-08-13 17:49:24 [INFO] data.schema: Tablas 'users' y 'records' creadas/verificadas
2025-08-13 17:49:24 [INFO] GestorEmpleados: Tablas creadas/verificadas correctamente
2025-08-13 17:49:24 [DEBUG] GestorEmpleados: Abriendo conexión a la base de datos...
2025-08-13 17:49:24 [INFO] GestorEmpleados: ¡Conexión a la base de datos exitosa!
2025-08-13 17:49:24 [DEBUG] GestorEmpleados: Conexión a la base de datos cerrada
2025-08-13 17:53:52 [INFO] GestorEmpleados: Inicializando verificación de esquema de base de datos
2025-08-13 17:53:52 [DEBUG] data.schema: Iniciando creación/verificación de tablas 'users' y 'records'
2025-08-13 17:53:52 [INFO] data.schema: Tablas 'users' y 'records' creadas/verificadas
2025-08-13 17:53:52 [INFO] GestorEmpleados: Tablas creadas/verificadas
2025-08-13 17:53:52 [INFO] GestorEmpleados: Existencia de tablas verificada
2025-08-13 17:53:52 [DEBUG] GestorEmpleados: Probando UNIQUE en users.docket
2025-08-13 17:53:52 [ERROR] GestorEmpleados: Error inesperado durante verificación del esquema
Traceback (most recent call last):
  File "c:\workspace\proyectos\remote-work-planner\scripts\db_init_check.py", line 123, in main
    _verify_unique_constraints(conn)
    ~~~~~~~~~~~~~~~~~~~~~~~~~~^^^^^^
  File "c:\workspace\proyectos\remote-work-planner\scripts\db_init_check.py", line 61, in _verify_unique_constraints
    cursor.execute(
    ~~~~~~~~~~~~~~^
        "INSERT INTO users(name, docket) VALUES (?, ?)",
        ^^^^^^^^^^^^^^^^^^^^^^^^^^^^^^^^^^^^^^^^^^^^^^^^
        ("Test User", "TEST-DCK-UNIQ"),
        ^^^^^^^^^^^^^^^^^^^^^^^^^^^^^^^
    )
    ^
sqlite3.OperationalError: table users has no column named name
2025-08-13 17:54:54 [INFO] GestorEmpleados: Aplicación iniciando
2025-08-13 17:54:54 [DEBUG] GestorEmpleados: Creando/verificando tablas de base de datos...
2025-08-13 17:54:54 [DEBUG] data.schema: Iniciando creación/verificación de tablas 'users' y 'records'
2025-08-13 17:54:54 [INFO] data.schema: Tablas 'users' y 'records' creadas/verificadas
2025-08-13 17:54:54 [INFO] GestorEmpleados: Tablas creadas/verificadas correctamente
2025-08-13 17:54:54 [DEBUG] GestorEmpleados: Abriendo conexión a la base de datos...
2025-08-13 17:54:54 [INFO] GestorEmpleados: ¡Conexión a la base de datos exitosa!
2025-08-13 17:54:54 [DEBUG] GestorEmpleados: Conexión a la base de datos cerrada
2025-08-13 17:55:11 [INFO] GestorEmpleados: Aplicación iniciando
2025-08-13 17:55:11 [DEBUG] GestorEmpleados: Creando/verificando tablas de base de datos...
2025-08-13 17:55:11 [DEBUG] data.schema: Iniciando creación/verificación de tablas 'users' y 'records'
2025-08-13 17:55:11 [INFO] data.schema: Tablas 'users' y 'records' creadas/verificadas
2025-08-13 17:55:11 [INFO] GestorEmpleados: Tablas creadas/verificadas correctamente
2025-08-13 17:55:11 [DEBUG] GestorEmpleados: Abriendo conexión a la base de datos...
2025-08-13 17:55:11 [INFO] GestorEmpleados: ¡Conexión a la base de datos exitosa!
2025-08-13 17:55:11 [DEBUG] GestorEmpleados: Conexión a la base de datos cerrada
2025-08-13 17:55:15 [INFO] GestorEmpleados: Aplicación iniciando
2025-08-13 17:55:15 [DEBUG] GestorEmpleados: Creando/verificando tablas de base de datos...
2025-08-13 17:55:15 [DEBUG] data.schema: Iniciando creación/verificación de tablas 'users' y 'records'
2025-08-13 17:55:15 [INFO] data.schema: Tablas 'users' y 'records' creadas/verificadas
2025-08-13 17:55:15 [INFO] GestorEmpleados: Tablas creadas/verificadas correctamente
2025-08-13 17:55:15 [DEBUG] GestorEmpleados: Abriendo conexión a la base de datos...
2025-08-13 17:55:15 [INFO] GestorEmpleados: ¡Conexión a la base de datos exitosa!
2025-08-13 17:55:15 [DEBUG] GestorEmpleados: Conexión a la base de datos cerrada
2025-08-13 17:55:18 [INFO] GestorEmpleados: Inicializando verificación de esquema de base de datos
2025-08-13 17:55:18 [DEBUG] data.schema: Iniciando creación/verificación de tablas 'users' y 'records'
2025-08-13 17:55:18 [INFO] data.schema: Tablas 'users' y 'records' creadas/verificadas
2025-08-13 17:55:18 [INFO] GestorEmpleados: Tablas creadas/verificadas
2025-08-13 17:55:18 [INFO] GestorEmpleados: Existencia de tablas verificada
2025-08-13 17:55:18 [DEBUG] GestorEmpleados: Probando UNIQUE en users.docket
2025-08-13 17:55:18 [INFO] GestorEmpleados: Restricción UNIQUE en users.docket verificada correctamente
2025-08-13 17:55:18 [DEBUG] GestorEmpleados: Probando UNIQUE en (records.user_id, date)
2025-08-13 17:55:18 [INFO] GestorEmpleados: Restricción UNIQUE en (records.user_id, date) verificada correctamente
2025-08-13 17:55:18 [INFO] GestorEmpleados: Restricciones UNIQUE verificadas
2025-08-13 17:55:18 [INFO] GestorEmpleados: Verificación de esquema completada exitosamente
2025-08-13 17:56:37 [INFO] GestorEmpleados: Inicializando verificación de esquema de base de datos
2025-08-13 17:56:37 [DEBUG] data.schema: Iniciando creación/verificación de tablas 'users' y 'records'
2025-08-13 17:56:37 [INFO] data.schema: Tablas 'users' y 'records' creadas/verificadas
2025-08-13 17:56:37 [INFO] GestorEmpleados: Tablas creadas/verificadas
2025-08-13 17:56:37 [INFO] GestorEmpleados: Existencia de tablas verificada
2025-08-13 17:56:37 [DEBUG] GestorEmpleados: Probando UNIQUE en users.docket
2025-08-13 17:56:37 [INFO] GestorEmpleados: Restricción UNIQUE en users.docket verificada correctamente
2025-08-13 17:56:37 [DEBUG] GestorEmpleados: Probando UNIQUE en (records.user_id, date)
2025-08-13 17:56:37 [INFO] GestorEmpleados: Restricción UNIQUE en (records.user_id, date) verificada correctamente
2025-08-13 17:56:37 [INFO] GestorEmpleados: Restricciones UNIQUE verificadas
2025-08-13 17:56:37 [INFO] GestorEmpleados: Verificación de esquema completada exitosamente
